<?xml version="1.0" encoding="UTF-8"?>
<!-- Generated by org.testng.reporters.JUnitXMLReporter -->
<testsuite ignored="0" hostname="g14" failures="0" tests="5" name="Default test" time="10.048" errors="0" timestamp="2024-01-28T00:11:27 IST">
  <testcase classname="com.saucedemo.qa.test.ProductsPageTest" name="checkProductPageDetails" time="0.047"/>
  <testcase classname="com.saucedemo.qa.test.ProductsPageTest" name="checkTotalItemCount" time="0.016"/>
  <testcase classname="com.saucedemo.qa.test.ProductsPageTest" name="checkItemDetail" time="0.043"/>
  <testcase classname="com.saucedemo.qa.test.ProductsPageTest" name="checkCartFunctionality" time="0.517"/>
  <testcase classname="com.saucedemo.qa.test.ProductsPageTest" name="checkCartButtonFunctionality" time="0.047"/>
</testsuite> <!-- Default test -->
