<?xml version="1.0" encoding="UTF-8"?>
<testng-results ignored="0" total="26" passed="26" failed="0" skipped="0">
  <reporter-output>
  </reporter-output>
  <suite started-at="2024-01-27T23:30:00 IST" name="Sauce Demo End To end Test Cases" finished-at="2024-01-27T23:30:55 IST" duration-ms="54539">
    <groups>
    </groups>
    <test started-at="2024-01-27T23:30:00 IST" name="Sauce Demo Test Cases" finished-at="2024-01-27T23:30:55 IST" duration-ms="54539">
      <class name="com.saucedemo.qa.test.CheckoutCompletePageTest">
        <test-method is-config="true" signature="setUp()[pri:0, instance:com.saucedemo.qa.test.CheckoutCompletePageTest@196a42c3]" started-at="2024-01-27T23:30:49 IST" name="setUp" finished-at="2024-01-27T23:30:51 IST" duration-ms="1957" status="PASS">
          <reporter-output>
          </reporter-output>
        </test-method> <!-- setUp -->
        <test-method signature="checkPageTitle()[pri:1, instance:com.saucedemo.qa.test.CheckoutCompletePageTest@196a42c3]" started-at="2024-01-27T23:30:51 IST" name="checkPageTitle" finished-at="2024-01-27T23:30:51 IST" duration-ms="22" status="PASS">
          <reporter-output>
          </reporter-output>
        </test-method> <!-- checkPageTitle -->
        <test-method is-config="true" signature="TearDown()[pri:0, instance:com.saucedemo.qa.test.CheckoutCompletePageTest@196a42c3]" started-at="2024-01-27T23:30:51 IST" name="TearDown" finished-at="2024-01-27T23:30:51 IST" duration-ms="98" status="PASS">
          <reporter-output>
          </reporter-output>
        </test-method> <!-- TearDown -->
        <test-method is-config="true" signature="setUp()[pri:0, instance:com.saucedemo.qa.test.CheckoutCompletePageTest@196a42c3]" started-at="2024-01-27T23:30:51 IST" name="setUp" finished-at="2024-01-27T23:30:53 IST" duration-ms="2025" status="PASS">
          <reporter-output>
          </reporter-output>
        </test-method> <!-- setUp -->
        <test-method signature="checkThankYouMessage()[pri:2, instance:com.saucedemo.qa.test.CheckoutCompletePageTest@196a42c3]" started-at="2024-01-27T23:30:53 IST" name="checkThankYouMessage" finished-at="2024-01-27T23:30:53 IST" duration-ms="23" status="PASS">
          <reporter-output>
          </reporter-output>
        </test-method> <!-- checkThankYouMessage -->
        <test-method is-config="true" signature="TearDown()[pri:0, instance:com.saucedemo.qa.test.CheckoutCompletePageTest@196a42c3]" started-at="2024-01-27T23:30:53 IST" name="TearDown" finished-at="2024-01-27T23:30:53 IST" duration-ms="114" status="PASS">
          <reporter-output>
          </reporter-output>
        </test-method> <!-- TearDown -->
        <test-method is-config="true" signature="setUp()[pri:0, instance:com.saucedemo.qa.test.CheckoutCompletePageTest@196a42c3]" started-at="2024-01-27T23:30:53 IST" name="setUp" finished-at="2024-01-27T23:30:55 IST" duration-ms="1929" status="PASS">
          <reporter-output>
          </reporter-output>
        </test-method> <!-- setUp -->
        <test-method signature="checkBackToHome()[pri:3, instance:com.saucedemo.qa.test.CheckoutCompletePageTest@196a42c3]" started-at="2024-01-27T23:30:55 IST" name="checkBackToHome" finished-at="2024-01-27T23:30:55 IST" duration-ms="67" status="PASS">
          <reporter-output>
          </reporter-output>
        </test-method> <!-- checkBackToHome -->
        <test-method is-config="true" signature="TearDown()[pri:0, instance:com.saucedemo.qa.test.CheckoutCompletePageTest@196a42c3]" started-at="2024-01-27T23:30:55 IST" name="TearDown" finished-at="2024-01-27T23:30:55 IST" duration-ms="92" status="PASS">
          <reporter-output>
          </reporter-output>
        </test-method> <!-- TearDown -->
      </class> <!-- com.saucedemo.qa.test.CheckoutCompletePageTest -->
      <class name="com.saucedemo.qa.test.CheckoutOverviewPageTest">
        <test-method is-config="true" signature="setUp()[pri:0, instance:com.saucedemo.qa.test.CheckoutOverviewPageTest@17f9d882]" started-at="2024-01-27T23:30:35 IST" name="setUp" finished-at="2024-01-27T23:30:37 IST" duration-ms="1893" status="PASS">
          <reporter-output>
          </reporter-output>
        </test-method> <!-- setUp -->
        <test-method signature="checkCorrectItemPresent()[pri:1, instance:com.saucedemo.qa.test.CheckoutOverviewPageTest@17f9d882]" started-at="2024-01-27T23:30:37 IST" name="checkCorrectItemPresent" finished-at="2024-01-27T23:30:37 IST" duration-ms="65" status="PASS">
          <reporter-output>
          </reporter-output>
        </test-method> <!-- checkCorrectItemPresent -->
        <test-method is-config="true" signature="TearDown()[pri:0, instance:com.saucedemo.qa.test.CheckoutOverviewPageTest@17f9d882]" started-at="2024-01-27T23:30:37 IST" name="TearDown" finished-at="2024-01-27T23:30:37 IST" duration-ms="95" status="PASS">
          <reporter-output>
          </reporter-output>
        </test-method> <!-- TearDown -->
        <test-method is-config="true" signature="setUp()[pri:0, instance:com.saucedemo.qa.test.CheckoutOverviewPageTest@17f9d882]" started-at="2024-01-27T23:30:37 IST" name="setUp" finished-at="2024-01-27T23:30:39 IST" duration-ms="1900" status="PASS">
          <reporter-output>
          </reporter-output>
        </test-method> <!-- setUp -->
        <test-method signature="checkPaymentAndShippingInfo()[pri:2, instance:com.saucedemo.qa.test.CheckoutOverviewPageTest@17f9d882]" started-at="2024-01-27T23:30:39 IST" name="checkPaymentAndShippingInfo" finished-at="2024-01-27T23:30:39 IST" duration-ms="41" status="PASS">
          <reporter-output>
          </reporter-output>
        </test-method> <!-- checkPaymentAndShippingInfo -->
        <test-method is-config="true" signature="TearDown()[pri:0, instance:com.saucedemo.qa.test.CheckoutOverviewPageTest@17f9d882]" started-at="2024-01-27T23:30:39 IST" name="TearDown" finished-at="2024-01-27T23:30:39 IST" duration-ms="120" status="PASS">
          <reporter-output>
          </reporter-output>
        </test-method> <!-- TearDown -->
        <test-method is-config="true" signature="setUp()[pri:0, instance:com.saucedemo.qa.test.CheckoutOverviewPageTest@17f9d882]" started-at="2024-01-27T23:30:39 IST" name="setUp" finished-at="2024-01-27T23:30:41 IST" duration-ms="1988" status="PASS">
          <reporter-output>
          </reporter-output>
        </test-method> <!-- setUp -->
        <test-method signature="checkTotalPrice()[pri:3, instance:com.saucedemo.qa.test.CheckoutOverviewPageTest@17f9d882]" started-at="2024-01-27T23:30:41 IST" name="checkTotalPrice" finished-at="2024-01-27T23:30:41 IST" duration-ms="22" status="PASS">
          <reporter-output>
          </reporter-output>
        </test-method> <!-- checkTotalPrice -->
        <test-method is-config="true" signature="TearDown()[pri:0, instance:com.saucedemo.qa.test.CheckoutOverviewPageTest@17f9d882]" started-at="2024-01-27T23:30:41 IST" name="TearDown" finished-at="2024-01-27T23:30:41 IST" duration-ms="99" status="PASS">
          <reporter-output>
          </reporter-output>
        </test-method> <!-- TearDown -->
        <test-method is-config="true" signature="setUp()[pri:0, instance:com.saucedemo.qa.test.CheckoutOverviewPageTest@17f9d882]" started-at="2024-01-27T23:30:41 IST" name="setUp" finished-at="2024-01-27T23:30:43 IST" duration-ms="1883" status="PASS">
          <reporter-output>
          </reporter-output>
        </test-method> <!-- setUp -->
        <test-method signature="checkFinish()[pri:4, instance:com.saucedemo.qa.test.CheckoutOverviewPageTest@17f9d882]" started-at="2024-01-27T23:30:43 IST" name="checkFinish" finished-at="2024-01-27T23:30:43 IST" duration-ms="42" status="PASS">
          <reporter-output>
          </reporter-output>
        </test-method> <!-- checkFinish -->
        <test-method is-config="true" signature="TearDown()[pri:0, instance:com.saucedemo.qa.test.CheckoutOverviewPageTest@17f9d882]" started-at="2024-01-27T23:30:43 IST" name="TearDown" finished-at="2024-01-27T23:30:43 IST" duration-ms="94" status="PASS">
          <reporter-output>
          </reporter-output>
        </test-method> <!-- TearDown -->
      </class> <!-- com.saucedemo.qa.test.CheckoutOverviewPageTest -->
      <class name="com.saucedemo.qa.test.LoginPageTest">
        <test-method is-config="true" signature="setUp()[pri:0, instance:com.saucedemo.qa.test.LoginPageTest@2a7f1f10]" started-at="2024-01-27T23:30:00 IST" name="setUp" finished-at="2024-01-27T23:30:02 IST" duration-ms="2010" status="PASS">
          <reporter-output>
          </reporter-output>
        </test-method> <!-- setUp -->
        <test-method signature="emptyCredentialsLoginTest()[pri:1, instance:com.saucedemo.qa.test.LoginPageTest@2a7f1f10]" started-at="2024-01-27T23:30:02 IST" name="emptyCredentialsLoginTest" finished-at="2024-01-27T23:30:03 IST" duration-ms="205" status="PASS">
          <reporter-output>
          </reporter-output>
        </test-method> <!-- emptyCredentialsLoginTest -->
        <test-method is-config="true" signature="tearDown()[pri:0, instance:com.saucedemo.qa.test.LoginPageTest@2a7f1f10]" started-at="2024-01-27T23:30:03 IST" name="tearDown" finished-at="2024-01-27T23:30:03 IST" duration-ms="107" status="PASS">
          <reporter-output>
          </reporter-output>
        </test-method> <!-- tearDown -->
        <test-method is-config="true" signature="setUp()[pri:0, instance:com.saucedemo.qa.test.LoginPageTest@2a7f1f10]" started-at="2024-01-27T23:30:03 IST" name="setUp" finished-at="2024-01-27T23:30:04 IST" duration-ms="1289" status="PASS">
          <reporter-output>
          </reporter-output>
        </test-method> <!-- setUp -->
        <test-method signature="invalidCredentialsLoginTest()[pri:2, instance:com.saucedemo.qa.test.LoginPageTest@2a7f1f10]" started-at="2024-01-27T23:30:04 IST" name="invalidCredentialsLoginTest" finished-at="2024-01-27T23:30:04 IST" duration-ms="317" status="PASS">
          <reporter-output>
          </reporter-output>
        </test-method> <!-- invalidCredentialsLoginTest -->
        <test-method is-config="true" signature="tearDown()[pri:0, instance:com.saucedemo.qa.test.LoginPageTest@2a7f1f10]" started-at="2024-01-27T23:30:04 IST" name="tearDown" finished-at="2024-01-27T23:30:04 IST" duration-ms="85" status="PASS">
          <reporter-output>
          </reporter-output>
        </test-method> <!-- tearDown -->
        <test-method is-config="true" signature="setUp()[pri:0, instance:com.saucedemo.qa.test.LoginPageTest@2a7f1f10]" started-at="2024-01-27T23:30:04 IST" name="setUp" finished-at="2024-01-27T23:30:06 IST" duration-ms="1428" status="PASS">
          <reporter-output>
          </reporter-output>
        </test-method> <!-- setUp -->
        <test-method signature="validLoginTestUsingTestData(java.lang.String,java.lang.String)[pri:3, instance:com.saucedemo.qa.test.LoginPageTest@2a7f1f10]" started-at="2024-01-27T23:30:06 IST" name="validLoginTestUsingTestData" data-provider="testData" finished-at="2024-01-27T23:30:06 IST" duration-ms="240" status="PASS">
          <params>
            <param index="0">
              <value>
                <![CDATA[standard_user]]>
              </value>
            </param>
            <param index="1">
              <value>
                <![CDATA[secret_sauce]]>
              </value>
            </param>
          </params>
          <reporter-output>
          </reporter-output>
        </test-method> <!-- validLoginTestUsingTestData -->
        <test-method is-config="true" signature="tearDown()[pri:0, instance:com.saucedemo.qa.test.LoginPageTest@2a7f1f10]" started-at="2024-01-27T23:30:06 IST" name="tearDown" finished-at="2024-01-27T23:30:06 IST" duration-ms="97" status="PASS">
          <reporter-output>
          </reporter-output>
        </test-method> <!-- tearDown -->
        <test-method is-config="true" signature="setUp()[pri:0, instance:com.saucedemo.qa.test.LoginPageTest@2a7f1f10]" started-at="2024-01-27T23:30:06 IST" name="setUp" finished-at="2024-01-27T23:30:08 IST" duration-ms="1304" status="PASS">
          <reporter-output>
          </reporter-output>
        </test-method> <!-- setUp -->
        <test-method signature="validLoginTestUsingTestData(java.lang.String,java.lang.String)[pri:3, instance:com.saucedemo.qa.test.LoginPageTest@2a7f1f10]" started-at="2024-01-27T23:30:08 IST" name="validLoginTestUsingTestData" data-provider="testData" finished-at="2024-01-27T23:30:08 IST" duration-ms="212" status="PASS">
          <params>
            <param index="0">
              <value>
                <![CDATA[locked_out_user]]>
              </value>
            </param>
            <param index="1">
              <value>
                <![CDATA[secret_sauce]]>
              </value>
            </param>
          </params>
          <reporter-output>
          </reporter-output>
        </test-method> <!-- validLoginTestUsingTestData -->
        <test-method is-config="true" signature="tearDown()[pri:0, instance:com.saucedemo.qa.test.LoginPageTest@2a7f1f10]" started-at="2024-01-27T23:30:08 IST" name="tearDown" finished-at="2024-01-27T23:30:08 IST" duration-ms="113" status="PASS">
          <reporter-output>
          </reporter-output>
        </test-method> <!-- tearDown -->
        <test-method is-config="true" signature="setUp()[pri:0, instance:com.saucedemo.qa.test.LoginPageTest@2a7f1f10]" started-at="2024-01-27T23:30:08 IST" name="setUp" finished-at="2024-01-27T23:30:09 IST" duration-ms="1284" status="PASS">
          <reporter-output>
          </reporter-output>
        </test-method> <!-- setUp -->
        <test-method signature="validLoginTestUsingTestData(java.lang.String,java.lang.String)[pri:3, instance:com.saucedemo.qa.test.LoginPageTest@2a7f1f10]" started-at="2024-01-27T23:30:09 IST" name="validLoginTestUsingTestData" data-provider="testData" finished-at="2024-01-27T23:30:09 IST" duration-ms="234" status="PASS">
          <params>
            <param index="0">
              <value>
                <![CDATA[problem_user]]>
              </value>
            </param>
            <param index="1">
              <value>
                <![CDATA[secret_sauce]]>
              </value>
            </param>
          </params>
          <reporter-output>
          </reporter-output>
        </test-method> <!-- validLoginTestUsingTestData -->
        <test-method is-config="true" signature="tearDown()[pri:0, instance:com.saucedemo.qa.test.LoginPageTest@2a7f1f10]" started-at="2024-01-27T23:30:09 IST" name="tearDown" finished-at="2024-01-27T23:30:09 IST" duration-ms="109" status="PASS">
          <reporter-output>
          </reporter-output>
        </test-method> <!-- tearDown -->
        <test-method is-config="true" signature="setUp()[pri:0, instance:com.saucedemo.qa.test.LoginPageTest@2a7f1f10]" started-at="2024-01-27T23:30:09 IST" name="setUp" finished-at="2024-01-27T23:30:11 IST" duration-ms="1394" status="PASS">
          <reporter-output>
          </reporter-output>
        </test-method> <!-- setUp -->
        <test-method signature="validLoginTestUsingTestData(java.lang.String,java.lang.String)[pri:3, instance:com.saucedemo.qa.test.LoginPageTest@2a7f1f10]" started-at="2024-01-27T23:30:11 IST" name="validLoginTestUsingTestData" data-provider="testData" finished-at="2024-01-27T23:30:16 IST" duration-ms="5250" status="PASS">
          <params>
            <param index="0">
              <value>
                <![CDATA[performance_glitch_user]]>
              </value>
            </param>
            <param index="1">
              <value>
                <![CDATA[secret_sauce]]>
              </value>
            </param>
          </params>
          <reporter-output>
          </reporter-output>
        </test-method> <!-- validLoginTestUsingTestData -->
        <test-method is-config="true" signature="tearDown()[pri:0, instance:com.saucedemo.qa.test.LoginPageTest@2a7f1f10]" started-at="2024-01-27T23:30:16 IST" name="tearDown" finished-at="2024-01-27T23:30:16 IST" duration-ms="102" status="PASS">
          <reporter-output>
          </reporter-output>
        </test-method> <!-- tearDown -->
        <test-method is-config="true" signature="setUp()[pri:0, instance:com.saucedemo.qa.test.LoginPageTest@2a7f1f10]" started-at="2024-01-27T23:30:16 IST" name="setUp" finished-at="2024-01-27T23:30:18 IST" duration-ms="1307" status="PASS">
          <reporter-output>
          </reporter-output>
        </test-method> <!-- setUp -->
        <test-method signature="validLoginTestUsingTestData(java.lang.String,java.lang.String)[pri:3, instance:com.saucedemo.qa.test.LoginPageTest@2a7f1f10]" started-at="2024-01-27T23:30:18 IST" name="validLoginTestUsingTestData" data-provider="testData" finished-at="2024-01-27T23:30:18 IST" duration-ms="234" status="PASS">
          <params>
            <param index="0">
              <value>
                <![CDATA[error_user]]>
              </value>
            </param>
            <param index="1">
              <value>
                <![CDATA[secret_sauce]]>
              </value>
            </param>
          </params>
          <reporter-output>
          </reporter-output>
        </test-method> <!-- validLoginTestUsingTestData -->
        <test-method is-config="true" signature="tearDown()[pri:0, instance:com.saucedemo.qa.test.LoginPageTest@2a7f1f10]" started-at="2024-01-27T23:30:18 IST" name="tearDown" finished-at="2024-01-27T23:30:18 IST" duration-ms="114" status="PASS">
          <reporter-output>
          </reporter-output>
        </test-method> <!-- tearDown -->
        <test-method is-config="true" signature="setUp()[pri:0, instance:com.saucedemo.qa.test.LoginPageTest@2a7f1f10]" started-at="2024-01-27T23:30:18 IST" name="setUp" finished-at="2024-01-27T23:30:19 IST" duration-ms="1376" status="PASS">
          <reporter-output>
          </reporter-output>
        </test-method> <!-- setUp -->
        <test-method signature="validLoginTestUsingTestData(java.lang.String,java.lang.String)[pri:3, instance:com.saucedemo.qa.test.LoginPageTest@2a7f1f10]" started-at="2024-01-27T23:30:19 IST" name="validLoginTestUsingTestData" data-provider="testData" finished-at="2024-01-27T23:30:20 IST" duration-ms="237" status="PASS">
          <params>
            <param index="0">
              <value>
                <![CDATA[visual_user]]>
              </value>
            </param>
            <param index="1">
              <value>
                <![CDATA[secret_sauce]]>
              </value>
            </param>
          </params>
          <reporter-output>
          </reporter-output>
        </test-method> <!-- validLoginTestUsingTestData -->
        <test-method is-config="true" signature="tearDown()[pri:0, instance:com.saucedemo.qa.test.LoginPageTest@2a7f1f10]" started-at="2024-01-27T23:30:20 IST" name="tearDown" finished-at="2024-01-27T23:30:20 IST" duration-ms="97" status="PASS">
          <reporter-output>
          </reporter-output>
        </test-method> <!-- tearDown -->
      </class> <!-- com.saucedemo.qa.test.LoginPageTest -->
      <class name="com.saucedemo.qa.test.ProductsPageTest">
        <test-method is-config="true" signature="setUp()[pri:0, instance:com.saucedemo.qa.test.ProductsPageTest@350aac89]" started-at="2024-01-27T23:30:20 IST" name="setUp" finished-at="2024-01-27T23:30:21 IST" duration-ms="1643" status="PASS">
          <reporter-output>
          </reporter-output>
        </test-method> <!-- setUp -->
        <test-method signature="checkProductPageDetails()[pri:1, instance:com.saucedemo.qa.test.ProductsPageTest@350aac89]" started-at="2024-01-27T23:30:21 IST" name="checkProductPageDetails" finished-at="2024-01-27T23:30:21 IST" duration-ms="44" status="PASS">
          <reporter-output>
          </reporter-output>
        </test-method> <!-- checkProductPageDetails -->
        <test-method is-config="true" signature="TearDown()[pri:0, instance:com.saucedemo.qa.test.ProductsPageTest@350aac89]" started-at="2024-01-27T23:30:21 IST" name="TearDown" finished-at="2024-01-27T23:30:21 IST" duration-ms="108" status="PASS">
          <reporter-output>
          </reporter-output>
        </test-method> <!-- TearDown -->
        <test-method is-config="true" signature="setUp()[pri:0, instance:com.saucedemo.qa.test.ProductsPageTest@350aac89]" started-at="2024-01-27T23:30:21 IST" name="setUp" finished-at="2024-01-27T23:30:23 IST" duration-ms="1629" status="PASS">
          <reporter-output>
          </reporter-output>
        </test-method> <!-- setUp -->
        <test-method signature="checkTotalItemCount()[pri:2, instance:com.saucedemo.qa.test.ProductsPageTest@350aac89]" started-at="2024-01-27T23:30:23 IST" name="checkTotalItemCount" finished-at="2024-01-27T23:30:23 IST" duration-ms="16" status="PASS">
          <reporter-output>
          </reporter-output>
        </test-method> <!-- checkTotalItemCount -->
        <test-method is-config="true" signature="TearDown()[pri:0, instance:com.saucedemo.qa.test.ProductsPageTest@350aac89]" started-at="2024-01-27T23:30:23 IST" name="TearDown" finished-at="2024-01-27T23:30:23 IST" duration-ms="95" status="PASS">
          <reporter-output>
          </reporter-output>
        </test-method> <!-- TearDown -->
        <test-method is-config="true" signature="setUp()[pri:0, instance:com.saucedemo.qa.test.ProductsPageTest@350aac89]" started-at="2024-01-27T23:30:23 IST" name="setUp" finished-at="2024-01-27T23:30:25 IST" duration-ms="1637" status="PASS">
          <reporter-output>
          </reporter-output>
        </test-method> <!-- setUp -->
        <test-method signature="checkItemDetail()[pri:3, instance:com.saucedemo.qa.test.ProductsPageTest@350aac89]" started-at="2024-01-27T23:30:25 IST" name="checkItemDetail" finished-at="2024-01-27T23:30:25 IST" duration-ms="44" status="PASS">
          <reporter-output>
          </reporter-output>
        </test-method> <!-- checkItemDetail -->
        <test-method is-config="true" signature="TearDown()[pri:0, instance:com.saucedemo.qa.test.ProductsPageTest@350aac89]" started-at="2024-01-27T23:30:25 IST" name="TearDown" finished-at="2024-01-27T23:30:25 IST" duration-ms="97" status="PASS">
          <reporter-output>
          </reporter-output>
        </test-method> <!-- TearDown -->
        <test-method is-config="true" signature="setUp()[pri:0, instance:com.saucedemo.qa.test.ProductsPageTest@350aac89]" started-at="2024-01-27T23:30:25 IST" name="setUp" finished-at="2024-01-27T23:30:27 IST" duration-ms="1683" status="PASS">
          <reporter-output>
          </reporter-output>
        </test-method> <!-- setUp -->
        <test-method signature="checkCartFunctionality()[pri:4, instance:com.saucedemo.qa.test.ProductsPageTest@350aac89]" started-at="2024-01-27T23:30:27 IST" name="checkCartFunctionality" finished-at="2024-01-27T23:30:27 IST" duration-ms="509" status="PASS">
          <reporter-output>
          </reporter-output>
        </test-method> <!-- checkCartFunctionality -->
        <test-method is-config="true" signature="TearDown()[pri:0, instance:com.saucedemo.qa.test.ProductsPageTest@350aac89]" started-at="2024-01-27T23:30:27 IST" name="TearDown" finished-at="2024-01-27T23:30:27 IST" duration-ms="101" status="PASS">
          <reporter-output>
          </reporter-output>
        </test-method> <!-- TearDown -->
        <test-method is-config="true" signature="setUp()[pri:0, instance:com.saucedemo.qa.test.ProductsPageTest@350aac89]" started-at="2024-01-27T23:30:27 IST" name="setUp" finished-at="2024-01-27T23:30:29 IST" duration-ms="1527" status="PASS">
          <reporter-output>
          </reporter-output>
        </test-method> <!-- setUp -->
        <test-method signature="checkCartButtonFunctionality()[pri:5, instance:com.saucedemo.qa.test.ProductsPageTest@350aac89]" started-at="2024-01-27T23:30:29 IST" name="checkCartButtonFunctionality" finished-at="2024-01-27T23:30:29 IST" duration-ms="47" status="PASS">
          <reporter-output>
          </reporter-output>
        </test-method> <!-- checkCartButtonFunctionality -->
        <test-method is-config="true" signature="TearDown()[pri:0, instance:com.saucedemo.qa.test.ProductsPageTest@350aac89]" started-at="2024-01-27T23:30:29 IST" name="TearDown" finished-at="2024-01-27T23:30:29 IST" duration-ms="108" status="PASS">
          <reporter-output>
          </reporter-output>
        </test-method> <!-- TearDown -->
      </class> <!-- com.saucedemo.qa.test.ProductsPageTest -->
      <class name="com.saucedemo.qa.test.CheckoutInformationPageTest">
        <test-method is-config="true" signature="setUp()[pri:0, instance:com.saucedemo.qa.test.CheckoutInformationPageTest@79e4c792]" started-at="2024-01-27T23:30:43 IST" name="setUp" finished-at="2024-01-27T23:30:45 IST" duration-ms="1732" status="PASS">
          <reporter-output>
          </reporter-output>
        </test-method> <!-- setUp -->
        <test-method signature="checkPageTitle()[pri:1, instance:com.saucedemo.qa.test.CheckoutInformationPageTest@79e4c792]" started-at="2024-01-27T23:30:45 IST" name="checkPageTitle" finished-at="2024-01-27T23:30:45 IST" duration-ms="20" status="PASS">
          <reporter-output>
          </reporter-output>
        </test-method> <!-- checkPageTitle -->
        <test-method is-config="true" signature="TearDown()[pri:0, instance:com.saucedemo.qa.test.CheckoutInformationPageTest@79e4c792]" started-at="2024-01-27T23:30:45 IST" name="TearDown" finished-at="2024-01-27T23:30:45 IST" duration-ms="98" status="PASS">
          <reporter-output>
          </reporter-output>
        </test-method> <!-- TearDown -->
        <test-method is-config="true" signature="setUp()[pri:0, instance:com.saucedemo.qa.test.CheckoutInformationPageTest@79e4c792]" started-at="2024-01-27T23:30:45 IST" name="setUp" finished-at="2024-01-27T23:30:46 IST" duration-ms="1675" status="PASS">
          <reporter-output>
          </reporter-output>
        </test-method> <!-- setUp -->
        <test-method signature="checkMandatoryFields()[pri:2, instance:com.saucedemo.qa.test.CheckoutInformationPageTest@79e4c792]" started-at="2024-01-27T23:30:46 IST" name="checkMandatoryFields" finished-at="2024-01-27T23:30:46 IST" duration-ms="68" status="PASS">
          <reporter-output>
          </reporter-output>
        </test-method> <!-- checkMandatoryFields -->
        <test-method is-config="true" signature="TearDown()[pri:0, instance:com.saucedemo.qa.test.CheckoutInformationPageTest@79e4c792]" started-at="2024-01-27T23:30:46 IST" name="TearDown" finished-at="2024-01-27T23:30:47 IST" duration-ms="101" status="PASS">
          <reporter-output>
          </reporter-output>
        </test-method> <!-- TearDown -->
        <test-method is-config="true" signature="setUp()[pri:0, instance:com.saucedemo.qa.test.CheckoutInformationPageTest@79e4c792]" started-at="2024-01-27T23:30:47 IST" name="setUp" finished-at="2024-01-27T23:30:48 IST" duration-ms="1678" status="PASS">
          <reporter-output>
          </reporter-output>
        </test-method> <!-- setUp -->
        <test-method signature="checkContinueFunctionality()[pri:3, instance:com.saucedemo.qa.test.CheckoutInformationPageTest@79e4c792]" started-at="2024-01-27T23:30:48 IST" name="checkContinueFunctionality" finished-at="2024-01-27T23:30:48 IST" duration-ms="219" status="PASS">
          <reporter-output>
          </reporter-output>
        </test-method> <!-- checkContinueFunctionality -->
        <test-method is-config="true" signature="TearDown()[pri:0, instance:com.saucedemo.qa.test.CheckoutInformationPageTest@79e4c792]" started-at="2024-01-27T23:30:48 IST" name="TearDown" finished-at="2024-01-27T23:30:49 IST" duration-ms="97" status="PASS">
          <reporter-output>
          </reporter-output>
        </test-method> <!-- TearDown -->
      </class> <!-- com.saucedemo.qa.test.CheckoutInformationPageTest -->
      <class name="com.saucedemo.qa.test.CartPageTest">
        <test-method is-config="true" signature="setUp()[pri:0, instance:com.saucedemo.qa.test.CartPageTest@1c5920df]" started-at="2024-01-27T23:30:29 IST" name="setUp" finished-at="2024-01-27T23:30:31 IST" duration-ms="1718" status="PASS">
          <reporter-output>
          </reporter-output>
        </test-method> <!-- setUp -->
        <test-method signature="checkCartPageDetails()[pri:1, instance:com.saucedemo.qa.test.CartPageTest@1c5920df]" started-at="2024-01-27T23:30:31 IST" name="checkCartPageDetails" finished-at="2024-01-27T23:30:31 IST" duration-ms="34" status="PASS">
          <reporter-output>
          </reporter-output>
        </test-method> <!-- checkCartPageDetails -->
        <test-method is-config="true" signature="TearDown()[pri:0, instance:com.saucedemo.qa.test.CartPageTest@1c5920df]" started-at="2024-01-27T23:30:31 IST" name="TearDown" finished-at="2024-01-27T23:30:31 IST" duration-ms="95" status="PASS">
          <reporter-output>
          </reporter-output>
        </test-method> <!-- TearDown -->
        <test-method is-config="true" signature="setUp()[pri:0, instance:com.saucedemo.qa.test.CartPageTest@1c5920df]" started-at="2024-01-27T23:30:31 IST" name="setUp" finished-at="2024-01-27T23:30:32 IST" duration-ms="1715" status="PASS">
          <reporter-output>
          </reporter-output>
        </test-method> <!-- setUp -->
        <test-method signature="checkRemoveFunctionalityFomCartPage()[pri:2, instance:com.saucedemo.qa.test.CartPageTest@1c5920df]" started-at="2024-01-27T23:30:32 IST" name="checkRemoveFunctionalityFomCartPage" finished-at="2024-01-27T23:30:33 IST" duration-ms="73" status="PASS">
          <reporter-output>
          </reporter-output>
        </test-method> <!-- checkRemoveFunctionalityFomCartPage -->
        <test-method is-config="true" signature="TearDown()[pri:0, instance:com.saucedemo.qa.test.CartPageTest@1c5920df]" started-at="2024-01-27T23:30:33 IST" name="TearDown" finished-at="2024-01-27T23:30:33 IST" duration-ms="105" status="PASS">
          <reporter-output>
          </reporter-output>
        </test-method> <!-- TearDown -->
        <test-method is-config="true" signature="setUp()[pri:0, instance:com.saucedemo.qa.test.CartPageTest@1c5920df]" started-at="2024-01-27T23:30:33 IST" name="setUp" finished-at="2024-01-27T23:30:34 IST" duration-ms="1743" status="PASS">
          <reporter-output>
          </reporter-output>
        </test-method> <!-- setUp -->
        <test-method signature="checkContinueShopping()[pri:3, instance:com.saucedemo.qa.test.CartPageTest@1c5920df]" started-at="2024-01-27T23:30:34 IST" name="checkContinueShopping" finished-at="2024-01-27T23:30:35 IST" duration-ms="162" status="PASS">
          <reporter-output>
          </reporter-output>
        </test-method> <!-- checkContinueShopping -->
        <test-method is-config="true" signature="TearDown()[pri:0, instance:com.saucedemo.qa.test.CartPageTest@1c5920df]" started-at="2024-01-27T23:30:35 IST" name="TearDown" finished-at="2024-01-27T23:30:35 IST" duration-ms="100" status="PASS">
          <reporter-output>
          </reporter-output>
        </test-method> <!-- TearDown -->
      </class> <!-- com.saucedemo.qa.test.CartPageTest -->
    </test> <!-- Sauce Demo Test Cases -->
  </suite> <!-- Sauce Demo End To end Test Cases -->
</testng-results>
