<?xml version="1.0" encoding="UTF-8"?>
<testng-results ignored="0" total="26" passed="26" failed="0" skipped="0">
  <reporter-output>
  </reporter-output>
  <suite started-at="2024-01-28T00:29:14 IST" name="Sauce Demo End To end Test Cases" finished-at="2024-01-28T00:30:10 IST" duration-ms="55646">
    <groups>
    </groups>
    <test started-at="2024-01-28T00:29:14 IST" name="Sauce Demo Test Cases" finished-at="2024-01-28T00:30:10 IST" duration-ms="55646">
      <class name="com.saucedemo.qa.test.CheckoutCompletePageTest">
        <test-method is-config="true" signature="setUp()[pri:0, instance:com.saucedemo.qa.test.CheckoutCompletePageTest@79e4c792]" started-at="2024-01-28T00:30:04 IST" name="setUp" finished-at="2024-01-28T00:30:06 IST" duration-ms="1879" status="PASS">
          <reporter-output>
          </reporter-output>
        </test-method> <!-- setUp -->
        <test-method signature="checkPageTitle()[pri:1, instance:com.saucedemo.qa.test.CheckoutCompletePageTest@79e4c792]" started-at="2024-01-28T00:30:06 IST" name="checkPageTitle" finished-at="2024-01-28T00:30:06 IST" duration-ms="23" status="PASS">
          <reporter-output>
          </reporter-output>
        </test-method> <!-- checkPageTitle -->
        <test-method is-config="true" signature="tearDown()[pri:0, instance:com.saucedemo.qa.test.CheckoutCompletePageTest@79e4c792]" started-at="2024-01-28T00:30:06 IST" name="tearDown" finished-at="2024-01-28T00:30:06 IST" duration-ms="114" status="PASS">
          <reporter-output>
          </reporter-output>
        </test-method> <!-- tearDown -->
        <test-method is-config="true" signature="setUp()[pri:0, instance:com.saucedemo.qa.test.CheckoutCompletePageTest@79e4c792]" started-at="2024-01-28T00:30:06 IST" name="setUp" finished-at="2024-01-28T00:30:08 IST" duration-ms="1898" status="PASS">
          <reporter-output>
          </reporter-output>
        </test-method> <!-- setUp -->
        <test-method signature="checkThankYouMessage()[pri:2, instance:com.saucedemo.qa.test.CheckoutCompletePageTest@79e4c792]" started-at="2024-01-28T00:30:08 IST" name="checkThankYouMessage" finished-at="2024-01-28T00:30:08 IST" duration-ms="20" status="PASS">
          <reporter-output>
          </reporter-output>
        </test-method> <!-- checkThankYouMessage -->
        <test-method is-config="true" signature="tearDown()[pri:0, instance:com.saucedemo.qa.test.CheckoutCompletePageTest@79e4c792]" started-at="2024-01-28T00:30:08 IST" name="tearDown" finished-at="2024-01-28T00:30:08 IST" duration-ms="107" status="PASS">
          <reporter-output>
          </reporter-output>
        </test-method> <!-- tearDown -->
        <test-method is-config="true" signature="setUp()[pri:0, instance:com.saucedemo.qa.test.CheckoutCompletePageTest@79e4c792]" started-at="2024-01-28T00:30:08 IST" name="setUp" finished-at="2024-01-28T00:30:10 IST" duration-ms="1870" status="PASS">
          <reporter-output>
          </reporter-output>
        </test-method> <!-- setUp -->
        <test-method signature="checkBackToHome()[pri:3, instance:com.saucedemo.qa.test.CheckoutCompletePageTest@79e4c792]" started-at="2024-01-28T00:30:10 IST" name="checkBackToHome" finished-at="2024-01-28T00:30:10 IST" duration-ms="70" status="PASS">
          <reporter-output>
          </reporter-output>
        </test-method> <!-- checkBackToHome -->
        <test-method is-config="true" signature="tearDown()[pri:0, instance:com.saucedemo.qa.test.CheckoutCompletePageTest@79e4c792]" started-at="2024-01-28T00:30:10 IST" name="tearDown" finished-at="2024-01-28T00:30:10 IST" duration-ms="90" status="PASS">
          <reporter-output>
          </reporter-output>
        </test-method> <!-- tearDown -->
      </class> <!-- com.saucedemo.qa.test.CheckoutCompletePageTest -->
      <class name="com.saucedemo.qa.test.CheckoutOverviewPageTest">
        <test-method is-config="true" signature="setUp()[pri:0, instance:com.saucedemo.qa.test.CheckoutOverviewPageTest@1c5920df]" started-at="2024-01-28T00:29:50 IST" name="setUp" finished-at="2024-01-28T00:29:52 IST" duration-ms="1946" status="PASS">
          <reporter-output>
          </reporter-output>
        </test-method> <!-- setUp -->
        <test-method signature="checkCorrectItemPresent()[pri:1, instance:com.saucedemo.qa.test.CheckoutOverviewPageTest@1c5920df]" started-at="2024-01-28T00:29:52 IST" name="checkCorrectItemPresent" finished-at="2024-01-28T00:29:52 IST" duration-ms="61" status="PASS">
          <reporter-output>
          </reporter-output>
        </test-method> <!-- checkCorrectItemPresent -->
        <test-method is-config="true" signature="tearDown()[pri:0, instance:com.saucedemo.qa.test.CheckoutOverviewPageTest@1c5920df]" started-at="2024-01-28T00:29:52 IST" name="tearDown" finished-at="2024-01-28T00:29:52 IST" duration-ms="86" status="PASS">
          <reporter-output>
          </reporter-output>
        </test-method> <!-- tearDown -->
        <test-method is-config="true" signature="setUp()[pri:0, instance:com.saucedemo.qa.test.CheckoutOverviewPageTest@1c5920df]" started-at="2024-01-28T00:29:52 IST" name="setUp" finished-at="2024-01-28T00:29:54 IST" duration-ms="1948" status="PASS">
          <reporter-output>
          </reporter-output>
        </test-method> <!-- setUp -->
        <test-method signature="checkPaymentAndShippingInfo()[pri:2, instance:com.saucedemo.qa.test.CheckoutOverviewPageTest@1c5920df]" started-at="2024-01-28T00:29:54 IST" name="checkPaymentAndShippingInfo" finished-at="2024-01-28T00:29:54 IST" duration-ms="42" status="PASS">
          <reporter-output>
          </reporter-output>
        </test-method> <!-- checkPaymentAndShippingInfo -->
        <test-method is-config="true" signature="tearDown()[pri:0, instance:com.saucedemo.qa.test.CheckoutOverviewPageTest@1c5920df]" started-at="2024-01-28T00:29:54 IST" name="tearDown" finished-at="2024-01-28T00:29:54 IST" duration-ms="84" status="PASS">
          <reporter-output>
          </reporter-output>
        </test-method> <!-- tearDown -->
        <test-method is-config="true" signature="setUp()[pri:0, instance:com.saucedemo.qa.test.CheckoutOverviewPageTest@1c5920df]" started-at="2024-01-28T00:29:54 IST" name="setUp" finished-at="2024-01-28T00:29:56 IST" duration-ms="1858" status="PASS">
          <reporter-output>
          </reporter-output>
        </test-method> <!-- setUp -->
        <test-method signature="checkTotalPrice()[pri:3, instance:com.saucedemo.qa.test.CheckoutOverviewPageTest@1c5920df]" started-at="2024-01-28T00:29:56 IST" name="checkTotalPrice" finished-at="2024-01-28T00:29:56 IST" duration-ms="21" status="PASS">
          <reporter-output>
          </reporter-output>
        </test-method> <!-- checkTotalPrice -->
        <test-method is-config="true" signature="tearDown()[pri:0, instance:com.saucedemo.qa.test.CheckoutOverviewPageTest@1c5920df]" started-at="2024-01-28T00:29:56 IST" name="tearDown" finished-at="2024-01-28T00:29:56 IST" duration-ms="91" status="PASS">
          <reporter-output>
          </reporter-output>
        </test-method> <!-- tearDown -->
        <test-method is-config="true" signature="setUp()[pri:0, instance:com.saucedemo.qa.test.CheckoutOverviewPageTest@1c5920df]" started-at="2024-01-28T00:29:56 IST" name="setUp" finished-at="2024-01-28T00:29:58 IST" duration-ms="1833" status="PASS">
          <reporter-output>
          </reporter-output>
        </test-method> <!-- setUp -->
        <test-method signature="checkFinish()[pri:4, instance:com.saucedemo.qa.test.CheckoutOverviewPageTest@1c5920df]" started-at="2024-01-28T00:29:58 IST" name="checkFinish" finished-at="2024-01-28T00:29:58 IST" duration-ms="40" status="PASS">
          <reporter-output>
          </reporter-output>
        </test-method> <!-- checkFinish -->
        <test-method is-config="true" signature="tearDown()[pri:0, instance:com.saucedemo.qa.test.CheckoutOverviewPageTest@1c5920df]" started-at="2024-01-28T00:29:58 IST" name="tearDown" finished-at="2024-01-28T00:29:58 IST" duration-ms="94" status="PASS">
          <reporter-output>
          </reporter-output>
        </test-method> <!-- tearDown -->
      </class> <!-- com.saucedemo.qa.test.CheckoutOverviewPageTest -->
      <class name="com.saucedemo.qa.test.LoginPageTest">
        <test-method is-config="true" signature="setUp()[pri:0, instance:com.saucedemo.qa.test.LoginPageTest@298a5e20]" started-at="2024-01-28T00:29:15 IST" name="setUp" finished-at="2024-01-28T00:29:18 IST" duration-ms="3370" status="PASS">
          <reporter-output>
          </reporter-output>
        </test-method> <!-- setUp -->
        <test-method signature="emptyCredentialsLoginTest()[pri:1, instance:com.saucedemo.qa.test.LoginPageTest@298a5e20]" started-at="2024-01-28T00:29:18 IST" name="emptyCredentialsLoginTest" finished-at="2024-01-28T00:29:18 IST" duration-ms="192" status="PASS">
          <reporter-output>
          </reporter-output>
        </test-method> <!-- emptyCredentialsLoginTest -->
        <test-method is-config="true" signature="tearDown()[pri:0, instance:com.saucedemo.qa.test.LoginPageTest@298a5e20]" started-at="2024-01-28T00:29:18 IST" name="tearDown" finished-at="2024-01-28T00:29:18 IST" duration-ms="97" status="PASS">
          <reporter-output>
          </reporter-output>
        </test-method> <!-- tearDown -->
        <test-method is-config="true" signature="setUp()[pri:0, instance:com.saucedemo.qa.test.LoginPageTest@298a5e20]" started-at="2024-01-28T00:29:18 IST" name="setUp" finished-at="2024-01-28T00:29:20 IST" duration-ms="1418" status="PASS">
          <reporter-output>
          </reporter-output>
        </test-method> <!-- setUp -->
        <test-method signature="invalidCredentialsLoginTest()[pri:2, instance:com.saucedemo.qa.test.LoginPageTest@298a5e20]" started-at="2024-01-28T00:29:20 IST" name="invalidCredentialsLoginTest" finished-at="2024-01-28T00:29:20 IST" duration-ms="275" status="PASS">
          <reporter-output>
          </reporter-output>
        </test-method> <!-- invalidCredentialsLoginTest -->
        <test-method is-config="true" signature="tearDown()[pri:0, instance:com.saucedemo.qa.test.LoginPageTest@298a5e20]" started-at="2024-01-28T00:29:20 IST" name="tearDown" finished-at="2024-01-28T00:29:20 IST" duration-ms="85" status="PASS">
          <reporter-output>
          </reporter-output>
        </test-method> <!-- tearDown -->
        <test-method is-config="true" signature="setUp()[pri:0, instance:com.saucedemo.qa.test.LoginPageTest@298a5e20]" started-at="2024-01-28T00:29:20 IST" name="setUp" finished-at="2024-01-28T00:29:22 IST" duration-ms="1548" status="PASS">
          <reporter-output>
          </reporter-output>
        </test-method> <!-- setUp -->
        <test-method signature="validLoginTestUsingTestData(java.lang.String,java.lang.String)[pri:3, instance:com.saucedemo.qa.test.LoginPageTest@298a5e20]" started-at="2024-01-28T00:29:22 IST" name="validLoginTestUsingTestData" data-provider="testData" finished-at="2024-01-28T00:29:22 IST" duration-ms="217" status="PASS">
          <params>
            <param index="0">
              <value>
                <![CDATA[standard_user]]>
              </value>
            </param>
            <param index="1">
              <value>
                <![CDATA[secret_sauce]]>
              </value>
            </param>
          </params>
          <reporter-output>
          </reporter-output>
        </test-method> <!-- validLoginTestUsingTestData -->
        <test-method is-config="true" signature="tearDown()[pri:0, instance:com.saucedemo.qa.test.LoginPageTest@298a5e20]" started-at="2024-01-28T00:29:22 IST" name="tearDown" finished-at="2024-01-28T00:29:22 IST" duration-ms="81" status="PASS">
          <reporter-output>
          </reporter-output>
        </test-method> <!-- tearDown -->
        <test-method is-config="true" signature="setUp()[pri:0, instance:com.saucedemo.qa.test.LoginPageTest@298a5e20]" started-at="2024-01-28T00:29:22 IST" name="setUp" finished-at="2024-01-28T00:29:23 IST" duration-ms="1463" status="PASS">
          <reporter-output>
          </reporter-output>
        </test-method> <!-- setUp -->
        <test-method signature="validLoginTestUsingTestData(java.lang.String,java.lang.String)[pri:3, instance:com.saucedemo.qa.test.LoginPageTest@298a5e20]" started-at="2024-01-28T00:29:23 IST" name="validLoginTestUsingTestData" data-provider="testData" finished-at="2024-01-28T00:29:23 IST" duration-ms="207" status="PASS">
          <params>
            <param index="0">
              <value>
                <![CDATA[locked_out_user]]>
              </value>
            </param>
            <param index="1">
              <value>
                <![CDATA[secret_sauce]]>
              </value>
            </param>
          </params>
          <reporter-output>
          </reporter-output>
        </test-method> <!-- validLoginTestUsingTestData -->
        <test-method is-config="true" signature="tearDown()[pri:0, instance:com.saucedemo.qa.test.LoginPageTest@298a5e20]" started-at="2024-01-28T00:29:23 IST" name="tearDown" finished-at="2024-01-28T00:29:24 IST" duration-ms="80" status="PASS">
          <reporter-output>
          </reporter-output>
        </test-method> <!-- tearDown -->
        <test-method is-config="true" signature="setUp()[pri:0, instance:com.saucedemo.qa.test.LoginPageTest@298a5e20]" started-at="2024-01-28T00:29:24 IST" name="setUp" finished-at="2024-01-28T00:29:25 IST" duration-ms="1373" status="PASS">
          <reporter-output>
          </reporter-output>
        </test-method> <!-- setUp -->
        <test-method signature="validLoginTestUsingTestData(java.lang.String,java.lang.String)[pri:3, instance:com.saucedemo.qa.test.LoginPageTest@298a5e20]" started-at="2024-01-28T00:29:25 IST" name="validLoginTestUsingTestData" data-provider="testData" finished-at="2024-01-28T00:29:25 IST" duration-ms="225" status="PASS">
          <params>
            <param index="0">
              <value>
                <![CDATA[problem_user]]>
              </value>
            </param>
            <param index="1">
              <value>
                <![CDATA[secret_sauce]]>
              </value>
            </param>
          </params>
          <reporter-output>
          </reporter-output>
        </test-method> <!-- validLoginTestUsingTestData -->
        <test-method is-config="true" signature="tearDown()[pri:0, instance:com.saucedemo.qa.test.LoginPageTest@298a5e20]" started-at="2024-01-28T00:29:25 IST" name="tearDown" finished-at="2024-01-28T00:29:25 IST" duration-ms="94" status="PASS">
          <reporter-output>
          </reporter-output>
        </test-method> <!-- tearDown -->
        <test-method is-config="true" signature="setUp()[pri:0, instance:com.saucedemo.qa.test.LoginPageTest@298a5e20]" started-at="2024-01-28T00:29:25 IST" name="setUp" finished-at="2024-01-28T00:29:27 IST" duration-ms="1322" status="PASS">
          <reporter-output>
          </reporter-output>
        </test-method> <!-- setUp -->
        <test-method signature="validLoginTestUsingTestData(java.lang.String,java.lang.String)[pri:3, instance:com.saucedemo.qa.test.LoginPageTest@298a5e20]" started-at="2024-01-28T00:29:27 IST" name="validLoginTestUsingTestData" data-provider="testData" finished-at="2024-01-28T00:29:32 IST" duration-ms="5240" status="PASS">
          <params>
            <param index="0">
              <value>
                <![CDATA[performance_glitch_user]]>
              </value>
            </param>
            <param index="1">
              <value>
                <![CDATA[secret_sauce]]>
              </value>
            </param>
          </params>
          <reporter-output>
          </reporter-output>
        </test-method> <!-- validLoginTestUsingTestData -->
        <test-method is-config="true" signature="tearDown()[pri:0, instance:com.saucedemo.qa.test.LoginPageTest@298a5e20]" started-at="2024-01-28T00:29:32 IST" name="tearDown" finished-at="2024-01-28T00:29:32 IST" duration-ms="101" status="PASS">
          <reporter-output>
          </reporter-output>
        </test-method> <!-- tearDown -->
        <test-method is-config="true" signature="setUp()[pri:0, instance:com.saucedemo.qa.test.LoginPageTest@298a5e20]" started-at="2024-01-28T00:29:32 IST" name="setUp" finished-at="2024-01-28T00:29:33 IST" duration-ms="1439" status="PASS">
          <reporter-output>
          </reporter-output>
        </test-method> <!-- setUp -->
        <test-method signature="validLoginTestUsingTestData(java.lang.String,java.lang.String)[pri:3, instance:com.saucedemo.qa.test.LoginPageTest@298a5e20]" started-at="2024-01-28T00:29:33 IST" name="validLoginTestUsingTestData" data-provider="testData" finished-at="2024-01-28T00:29:34 IST" duration-ms="231" status="PASS">
          <params>
            <param index="0">
              <value>
                <![CDATA[error_user]]>
              </value>
            </param>
            <param index="1">
              <value>
                <![CDATA[secret_sauce]]>
              </value>
            </param>
          </params>
          <reporter-output>
          </reporter-output>
        </test-method> <!-- validLoginTestUsingTestData -->
        <test-method is-config="true" signature="tearDown()[pri:0, instance:com.saucedemo.qa.test.LoginPageTest@298a5e20]" started-at="2024-01-28T00:29:34 IST" name="tearDown" finished-at="2024-01-28T00:29:34 IST" duration-ms="102" status="PASS">
          <reporter-output>
          </reporter-output>
        </test-method> <!-- tearDown -->
        <test-method is-config="true" signature="setUp()[pri:0, instance:com.saucedemo.qa.test.LoginPageTest@298a5e20]" started-at="2024-01-28T00:29:34 IST" name="setUp" finished-at="2024-01-28T00:29:35 IST" duration-ms="1380" status="PASS">
          <reporter-output>
          </reporter-output>
        </test-method> <!-- setUp -->
        <test-method signature="validLoginTestUsingTestData(java.lang.String,java.lang.String)[pri:3, instance:com.saucedemo.qa.test.LoginPageTest@298a5e20]" started-at="2024-01-28T00:29:35 IST" name="validLoginTestUsingTestData" data-provider="testData" finished-at="2024-01-28T00:29:35 IST" duration-ms="225" status="PASS">
          <params>
            <param index="0">
              <value>
                <![CDATA[visual_user]]>
              </value>
            </param>
            <param index="1">
              <value>
                <![CDATA[secret_sauce]]>
              </value>
            </param>
          </params>
          <reporter-output>
          </reporter-output>
        </test-method> <!-- validLoginTestUsingTestData -->
        <test-method is-config="true" signature="tearDown()[pri:0, instance:com.saucedemo.qa.test.LoginPageTest@298a5e20]" started-at="2024-01-28T00:29:35 IST" name="tearDown" finished-at="2024-01-28T00:29:35 IST" duration-ms="102" status="PASS">
          <reporter-output>
          </reporter-output>
        </test-method> <!-- tearDown -->
      </class> <!-- com.saucedemo.qa.test.LoginPageTest -->
      <class name="com.saucedemo.qa.test.ProductsPageTest">
        <test-method is-config="true" signature="setUp()[pri:0, instance:com.saucedemo.qa.test.ProductsPageTest@75437611]" started-at="2024-01-28T00:29:35 IST" name="setUp" finished-at="2024-01-28T00:29:37 IST" duration-ms="1715" status="PASS">
          <reporter-output>
          </reporter-output>
        </test-method> <!-- setUp -->
        <test-method signature="checkProductPageDetails()[pri:1, instance:com.saucedemo.qa.test.ProductsPageTest@75437611]" started-at="2024-01-28T00:29:37 IST" name="checkProductPageDetails" finished-at="2024-01-28T00:29:37 IST" duration-ms="43" status="PASS">
          <reporter-output>
          </reporter-output>
        </test-method> <!-- checkProductPageDetails -->
        <test-method is-config="true" signature="tearDown()[pri:0, instance:com.saucedemo.qa.test.ProductsPageTest@75437611]" started-at="2024-01-28T00:29:37 IST" name="tearDown" finished-at="2024-01-28T00:29:37 IST" duration-ms="93" status="PASS">
          <reporter-output>
          </reporter-output>
        </test-method> <!-- tearDown -->
        <test-method is-config="true" signature="setUp()[pri:0, instance:com.saucedemo.qa.test.ProductsPageTest@75437611]" started-at="2024-01-28T00:29:37 IST" name="setUp" finished-at="2024-01-28T00:29:39 IST" duration-ms="1595" status="PASS">
          <reporter-output>
          </reporter-output>
        </test-method> <!-- setUp -->
        <test-method signature="checkTotalItemCount()[pri:2, instance:com.saucedemo.qa.test.ProductsPageTest@75437611]" started-at="2024-01-28T00:29:39 IST" name="checkTotalItemCount" finished-at="2024-01-28T00:29:39 IST" duration-ms="16" status="PASS">
          <reporter-output>
          </reporter-output>
        </test-method> <!-- checkTotalItemCount -->
        <test-method is-config="true" signature="tearDown()[pri:0, instance:com.saucedemo.qa.test.ProductsPageTest@75437611]" started-at="2024-01-28T00:29:39 IST" name="tearDown" finished-at="2024-01-28T00:29:39 IST" duration-ms="89" status="PASS">
          <reporter-output>
          </reporter-output>
        </test-method> <!-- tearDown -->
        <test-method is-config="true" signature="setUp()[pri:0, instance:com.saucedemo.qa.test.ProductsPageTest@75437611]" started-at="2024-01-28T00:29:39 IST" name="setUp" finished-at="2024-01-28T00:29:40 IST" duration-ms="1500" status="PASS">
          <reporter-output>
          </reporter-output>
        </test-method> <!-- setUp -->
        <test-method signature="checkItemDetail()[pri:3, instance:com.saucedemo.qa.test.ProductsPageTest@75437611]" started-at="2024-01-28T00:29:40 IST" name="checkItemDetail" finished-at="2024-01-28T00:29:40 IST" duration-ms="41" status="PASS">
          <reporter-output>
          </reporter-output>
        </test-method> <!-- checkItemDetail -->
        <test-method is-config="true" signature="tearDown()[pri:0, instance:com.saucedemo.qa.test.ProductsPageTest@75437611]" started-at="2024-01-28T00:29:40 IST" name="tearDown" finished-at="2024-01-28T00:29:41 IST" duration-ms="94" status="PASS">
          <reporter-output>
          </reporter-output>
        </test-method> <!-- tearDown -->
        <test-method is-config="true" signature="setUp()[pri:0, instance:com.saucedemo.qa.test.ProductsPageTest@75437611]" started-at="2024-01-28T00:29:41 IST" name="setUp" finished-at="2024-01-28T00:29:42 IST" duration-ms="1529" status="PASS">
          <reporter-output>
          </reporter-output>
        </test-method> <!-- setUp -->
        <test-method signature="checkCartFunctionality()[pri:4, instance:com.saucedemo.qa.test.ProductsPageTest@75437611]" started-at="2024-01-28T00:29:42 IST" name="checkCartFunctionality" finished-at="2024-01-28T00:29:43 IST" duration-ms="719" status="PASS">
          <reporter-output>
          </reporter-output>
        </test-method> <!-- checkCartFunctionality -->
        <test-method is-config="true" signature="tearDown()[pri:0, instance:com.saucedemo.qa.test.ProductsPageTest@75437611]" started-at="2024-01-28T00:29:43 IST" name="tearDown" finished-at="2024-01-28T00:29:43 IST" duration-ms="108" status="PASS">
          <reporter-output>
          </reporter-output>
        </test-method> <!-- tearDown -->
        <test-method is-config="true" signature="setUp()[pri:0, instance:com.saucedemo.qa.test.ProductsPageTest@75437611]" started-at="2024-01-28T00:29:43 IST" name="setUp" finished-at="2024-01-28T00:29:45 IST" duration-ms="1611" status="PASS">
          <reporter-output>
          </reporter-output>
        </test-method> <!-- setUp -->
        <test-method signature="checkCartButtonFunctionality()[pri:5, instance:com.saucedemo.qa.test.ProductsPageTest@75437611]" started-at="2024-01-28T00:29:45 IST" name="checkCartButtonFunctionality" finished-at="2024-01-28T00:29:45 IST" duration-ms="45" status="PASS">
          <reporter-output>
          </reporter-output>
        </test-method> <!-- checkCartButtonFunctionality -->
        <test-method is-config="true" signature="tearDown()[pri:0, instance:com.saucedemo.qa.test.ProductsPageTest@75437611]" started-at="2024-01-28T00:29:45 IST" name="tearDown" finished-at="2024-01-28T00:29:45 IST" duration-ms="100" status="PASS">
          <reporter-output>
          </reporter-output>
        </test-method> <!-- tearDown -->
      </class> <!-- com.saucedemo.qa.test.ProductsPageTest -->
      <class name="com.saucedemo.qa.test.CheckoutInformationPageTest">
        <test-method is-config="true" signature="setUp()[pri:0, instance:com.saucedemo.qa.test.CheckoutInformationPageTest@17f9d882]" started-at="2024-01-28T00:29:58 IST" name="setUp" finished-at="2024-01-28T00:30:00 IST" duration-ms="1734" status="PASS">
          <reporter-output>
          </reporter-output>
        </test-method> <!-- setUp -->
        <test-method signature="checkPageTitle()[pri:1, instance:com.saucedemo.qa.test.CheckoutInformationPageTest@17f9d882]" started-at="2024-01-28T00:30:00 IST" name="checkPageTitle" finished-at="2024-01-28T00:30:00 IST" duration-ms="21" status="PASS">
          <reporter-output>
          </reporter-output>
        </test-method> <!-- checkPageTitle -->
        <test-method is-config="true" signature="tearDown()[pri:0, instance:com.saucedemo.qa.test.CheckoutInformationPageTest@17f9d882]" started-at="2024-01-28T00:30:00 IST" name="tearDown" finished-at="2024-01-28T00:30:00 IST" duration-ms="92" status="PASS">
          <reporter-output>
          </reporter-output>
        </test-method> <!-- tearDown -->
        <test-method is-config="true" signature="setUp()[pri:0, instance:com.saucedemo.qa.test.CheckoutInformationPageTest@17f9d882]" started-at="2024-01-28T00:30:00 IST" name="setUp" finished-at="2024-01-28T00:30:02 IST" duration-ms="1723" status="PASS">
          <reporter-output>
          </reporter-output>
        </test-method> <!-- setUp -->
        <test-method signature="checkMandatoryFields()[pri:2, instance:com.saucedemo.qa.test.CheckoutInformationPageTest@17f9d882]" started-at="2024-01-28T00:30:02 IST" name="checkMandatoryFields" finished-at="2024-01-28T00:30:02 IST" duration-ms="70" status="PASS">
          <reporter-output>
          </reporter-output>
        </test-method> <!-- checkMandatoryFields -->
        <test-method is-config="true" signature="tearDown()[pri:0, instance:com.saucedemo.qa.test.CheckoutInformationPageTest@17f9d882]" started-at="2024-01-28T00:30:02 IST" name="tearDown" finished-at="2024-01-28T00:30:02 IST" duration-ms="86" status="PASS">
          <reporter-output>
          </reporter-output>
        </test-method> <!-- tearDown -->
        <test-method is-config="true" signature="setUp()[pri:0, instance:com.saucedemo.qa.test.CheckoutInformationPageTest@17f9d882]" started-at="2024-01-28T00:30:02 IST" name="setUp" finished-at="2024-01-28T00:30:04 IST" duration-ms="1624" status="PASS">
          <reporter-output>
          </reporter-output>
        </test-method> <!-- setUp -->
        <test-method signature="checkContinueFunctionality()[pri:3, instance:com.saucedemo.qa.test.CheckoutInformationPageTest@17f9d882]" started-at="2024-01-28T00:30:04 IST" name="checkContinueFunctionality" finished-at="2024-01-28T00:30:04 IST" duration-ms="227" status="PASS">
          <reporter-output>
          </reporter-output>
        </test-method> <!-- checkContinueFunctionality -->
        <test-method is-config="true" signature="tearDown()[pri:0, instance:com.saucedemo.qa.test.CheckoutInformationPageTest@17f9d882]" started-at="2024-01-28T00:30:04 IST" name="tearDown" finished-at="2024-01-28T00:30:04 IST" duration-ms="86" status="PASS">
          <reporter-output>
          </reporter-output>
        </test-method> <!-- tearDown -->
      </class> <!-- com.saucedemo.qa.test.CheckoutInformationPageTest -->
      <class name="com.saucedemo.qa.test.CartPageTest">
        <test-method is-config="true" signature="setUp()[pri:0, instance:com.saucedemo.qa.test.CartPageTest@350aac89]" started-at="2024-01-28T00:29:45 IST" name="setUp" finished-at="2024-01-28T00:29:46 IST" duration-ms="1785" status="PASS">
          <reporter-output>
          </reporter-output>
        </test-method> <!-- setUp -->
        <test-method signature="checkCartPageDetails()[pri:1, instance:com.saucedemo.qa.test.CartPageTest@350aac89]" started-at="2024-01-28T00:29:46 IST" name="checkCartPageDetails" finished-at="2024-01-28T00:29:47 IST" duration-ms="32" status="PASS">
          <reporter-output>
          </reporter-output>
        </test-method> <!-- checkCartPageDetails -->
        <test-method is-config="true" signature="tearDown()[pri:0, instance:com.saucedemo.qa.test.CartPageTest@350aac89]" started-at="2024-01-28T00:29:47 IST" name="tearDown" finished-at="2024-01-28T00:29:47 IST" duration-ms="91" status="PASS">
          <reporter-output>
          </reporter-output>
        </test-method> <!-- tearDown -->
        <test-method is-config="true" signature="setUp()[pri:0, instance:com.saucedemo.qa.test.CartPageTest@350aac89]" started-at="2024-01-28T00:29:47 IST" name="setUp" finished-at="2024-01-28T00:29:48 IST" duration-ms="1558" status="PASS">
          <reporter-output>
          </reporter-output>
        </test-method> <!-- setUp -->
        <test-method signature="checkRemoveFunctionalityFomCartPage()[pri:2, instance:com.saucedemo.qa.test.CartPageTest@350aac89]" started-at="2024-01-28T00:29:48 IST" name="checkRemoveFunctionalityFomCartPage" finished-at="2024-01-28T00:29:48 IST" duration-ms="68" status="PASS">
          <reporter-output>
          </reporter-output>
        </test-method> <!-- checkRemoveFunctionalityFomCartPage -->
        <test-method is-config="true" signature="tearDown()[pri:0, instance:com.saucedemo.qa.test.CartPageTest@350aac89]" started-at="2024-01-28T00:29:48 IST" name="tearDown" finished-at="2024-01-28T00:29:48 IST" duration-ms="95" status="PASS">
          <reporter-output>
          </reporter-output>
        </test-method> <!-- tearDown -->
        <test-method is-config="true" signature="setUp()[pri:0, instance:com.saucedemo.qa.test.CartPageTest@350aac89]" started-at="2024-01-28T00:29:48 IST" name="setUp" finished-at="2024-01-28T00:29:50 IST" duration-ms="1703" status="PASS">
          <reporter-output>
          </reporter-output>
        </test-method> <!-- setUp -->
        <test-method signature="checkContinueShopping()[pri:3, instance:com.saucedemo.qa.test.CartPageTest@350aac89]" started-at="2024-01-28T00:29:50 IST" name="checkContinueShopping" finished-at="2024-01-28T00:29:50 IST" duration-ms="145" status="PASS">
          <reporter-output>
          </reporter-output>
        </test-method> <!-- checkContinueShopping -->
        <test-method is-config="true" signature="tearDown()[pri:0, instance:com.saucedemo.qa.test.CartPageTest@350aac89]" started-at="2024-01-28T00:29:50 IST" name="tearDown" finished-at="2024-01-28T00:29:50 IST" duration-ms="85" status="PASS">
          <reporter-output>
          </reporter-output>
        </test-method> <!-- tearDown -->
      </class> <!-- com.saucedemo.qa.test.CartPageTest -->
    </test> <!-- Sauce Demo Test Cases -->
  </suite> <!-- Sauce Demo End To end Test Cases -->
</testng-results>
