<?xml version="1.0" encoding="UTF-8"?>
<!-- Generated by org.testng.reporters.JUnitXMLReporter -->
<testsuite ignored="0" hostname="g14" failures="0" tests="26" name="Sauce Demo Test Cases" time="54.539" errors="0" timestamp="2024-01-27T23:30:55 IST">
  <testcase classname="com.saucedemo.qa.test.LoginPageTest" name="emptyCredentialsLoginTest" time="0.205"/>
  <testcase classname="com.saucedemo.qa.test.LoginPageTest" name="invalidCredentialsLoginTest" time="0.317"/>
  <testcase classname="com.saucedemo.qa.test.LoginPageTest" name="validLoginTestUsingTestData" time="0.24"/>
  <testcase classname="com.saucedemo.qa.test.LoginPageTest" name="validLoginTestUsingTestData" time="0.212"/>
  <testcase classname="com.saucedemo.qa.test.LoginPageTest" name="validLoginTestUsingTestData" time="0.234"/>
  <testcase classname="com.saucedemo.qa.test.LoginPageTest" name="validLoginTestUsingTestData" time="5.25"/>
  <testcase classname="com.saucedemo.qa.test.LoginPageTest" name="validLoginTestUsingTestData" time="0.234"/>
  <testcase classname="com.saucedemo.qa.test.LoginPageTest" name="validLoginTestUsingTestData" time="0.237"/>
  <testcase classname="com.saucedemo.qa.test.ProductsPageTest" name="checkProductPageDetails" time="0.044"/>
  <testcase classname="com.saucedemo.qa.test.ProductsPageTest" name="checkTotalItemCount" time="0.016"/>
  <testcase classname="com.saucedemo.qa.test.ProductsPageTest" name="checkItemDetail" time="0.044"/>
  <testcase classname="com.saucedemo.qa.test.ProductsPageTest" name="checkCartFunctionality" time="0.509"/>
  <testcase classname="com.saucedemo.qa.test.ProductsPageTest" name="checkCartButtonFunctionality" time="0.047"/>
  <testcase classname="com.saucedemo.qa.test.CartPageTest" name="checkCartPageDetails" time="0.034"/>
  <testcase classname="com.saucedemo.qa.test.CartPageTest" name="checkRemoveFunctionalityFomCartPage" time="0.073"/>
  <testcase classname="com.saucedemo.qa.test.CartPageTest" name="checkContinueShopping" time="0.162"/>
  <testcase classname="com.saucedemo.qa.test.CheckoutOverviewPageTest" name="checkCorrectItemPresent" time="0.065"/>
  <testcase classname="com.saucedemo.qa.test.CheckoutOverviewPageTest" name="checkPaymentAndShippingInfo" time="0.041"/>
  <testcase classname="com.saucedemo.qa.test.CheckoutOverviewPageTest" name="checkTotalPrice" time="0.022"/>
  <testcase classname="com.saucedemo.qa.test.CheckoutOverviewPageTest" name="checkFinish" time="0.042"/>
  <testcase classname="com.saucedemo.qa.test.CheckoutInformationPageTest" name="checkPageTitle" time="0.02"/>
  <testcase classname="com.saucedemo.qa.test.CheckoutInformationPageTest" name="checkMandatoryFields" time="0.068"/>
  <testcase classname="com.saucedemo.qa.test.CheckoutInformationPageTest" name="checkContinueFunctionality" time="0.219"/>
  <testcase classname="com.saucedemo.qa.test.CheckoutCompletePageTest" name="checkPageTitle" time="0.022"/>
  <testcase classname="com.saucedemo.qa.test.CheckoutCompletePageTest" name="checkThankYouMessage" time="0.023"/>
  <testcase classname="com.saucedemo.qa.test.CheckoutCompletePageTest" name="checkBackToHome" time="0.067"/>
</testsuite> <!-- Sauce Demo Test Cases -->
