<?xml version="1.0" encoding="UTF-8"?>
<!-- Generated by org.testng.reporters.JUnitXMLReporter -->
<testsuite ignored="0" hostname="g14" failures="0" tests="26" name="Sauce Demo Test Cases" time="55.646" errors="0" timestamp="2024-01-28T00:30:10 IST">
  <testcase classname="com.saucedemo.qa.test.LoginPageTest" name="emptyCredentialsLoginTest" time="0.192"/>
  <testcase classname="com.saucedemo.qa.test.LoginPageTest" name="invalidCredentialsLoginTest" time="0.275"/>
  <testcase classname="com.saucedemo.qa.test.LoginPageTest" name="validLoginTestUsingTestData" time="0.217"/>
  <testcase classname="com.saucedemo.qa.test.LoginPageTest" name="validLoginTestUsingTestData" time="0.207"/>
  <testcase classname="com.saucedemo.qa.test.LoginPageTest" name="validLoginTestUsingTestData" time="0.225"/>
  <testcase classname="com.saucedemo.qa.test.LoginPageTest" name="validLoginTestUsingTestData" time="5.24"/>
  <testcase classname="com.saucedemo.qa.test.LoginPageTest" name="validLoginTestUsingTestData" time="0.231"/>
  <testcase classname="com.saucedemo.qa.test.LoginPageTest" name="validLoginTestUsingTestData" time="0.225"/>
  <testcase classname="com.saucedemo.qa.test.ProductsPageTest" name="checkProductPageDetails" time="0.043"/>
  <testcase classname="com.saucedemo.qa.test.ProductsPageTest" name="checkTotalItemCount" time="0.016"/>
  <testcase classname="com.saucedemo.qa.test.ProductsPageTest" name="checkItemDetail" time="0.041"/>
  <testcase classname="com.saucedemo.qa.test.ProductsPageTest" name="checkCartFunctionality" time="0.719"/>
  <testcase classname="com.saucedemo.qa.test.ProductsPageTest" name="checkCartButtonFunctionality" time="0.045"/>
  <testcase classname="com.saucedemo.qa.test.CartPageTest" name="checkCartPageDetails" time="0.032"/>
  <testcase classname="com.saucedemo.qa.test.CartPageTest" name="checkRemoveFunctionalityFomCartPage" time="0.068"/>
  <testcase classname="com.saucedemo.qa.test.CartPageTest" name="checkContinueShopping" time="0.145"/>
  <testcase classname="com.saucedemo.qa.test.CheckoutOverviewPageTest" name="checkCorrectItemPresent" time="0.061"/>
  <testcase classname="com.saucedemo.qa.test.CheckoutOverviewPageTest" name="checkPaymentAndShippingInfo" time="0.042"/>
  <testcase classname="com.saucedemo.qa.test.CheckoutOverviewPageTest" name="checkTotalPrice" time="0.021"/>
  <testcase classname="com.saucedemo.qa.test.CheckoutOverviewPageTest" name="checkFinish" time="0.04"/>
  <testcase classname="com.saucedemo.qa.test.CheckoutInformationPageTest" name="checkPageTitle" time="0.021"/>
  <testcase classname="com.saucedemo.qa.test.CheckoutInformationPageTest" name="checkMandatoryFields" time="0.07"/>
  <testcase classname="com.saucedemo.qa.test.CheckoutInformationPageTest" name="checkContinueFunctionality" time="0.227"/>
  <testcase classname="com.saucedemo.qa.test.CheckoutCompletePageTest" name="checkPageTitle" time="0.023"/>
  <testcase classname="com.saucedemo.qa.test.CheckoutCompletePageTest" name="checkThankYouMessage" time="0.02"/>
  <testcase classname="com.saucedemo.qa.test.CheckoutCompletePageTest" name="checkBackToHome" time="0.07"/>
</testsuite> <!-- Sauce Demo Test Cases -->
